<?xml version="1.0" encoding="UTF-8"?>
<!-- Generated by org.testng.reporters.JUnitReportReporter -->
<testsuite hostname="DESKTOP-HF6IO01" name="Selenium.Assignment1" tests="1" failures="0" timestamp="28 Nov 2019 18:36:42 GMT" time="95.334" errors="0">
  <testcase name="createIncident" time="95.334" classname="Selenium.Assignment1"/>
</testsuite> <!-- Selenium.Assignment1 -->
