<?xml version="1.0" encoding="UTF-8"?>
<!-- Generated by org.testng.reporters.JUnitReportReporter -->
<testsuite hostname="DESKTOP-HF6IO01" name="Selenium.Assignment1" tests="1" failures="0" timestamp="29 Nov 2019 10:58:56 GMT" time="93.232" errors="0">
  <testcase name="createIncident" time="93.232" classname="Selenium.Assignment1"/>
</testsuite> <!-- Selenium.Assignment1 -->
