<?xml version="1.0" encoding="UTF-8"?>
<!-- Generated by org.testng.reporters.JUnitReportReporter -->
<testsuite hostname="DESKTOP-HF6IO01" name="Selenium.Assignment2" tests="2" failures="0" timestamp="28 Nov 2019 20:03:32 GMT" time="117.412" errors="0">
  <testcase name="resolveIncident" time="41.092" classname="Selenium.Assignment2"/>
  <testcase name="createIncident" time="76.320" classname="Selenium.Assignment2"/>
</testsuite> <!-- Selenium.Assignment2 -->
