<?xml version="1.0" encoding="UTF-8"?>
<!-- Generated by org.testng.reporters.JUnitReportReporter -->
<testsuite hostname="DESKTOP-HF6IO01" name="QualityArc_Classroom.CreateIncident" tests="1" failures="0" timestamp="30 Nov 2019 01:25:35 GMT" time="76.964" errors="0">
  <testcase name="createNewIncident" time="76.964" classname="QualityArc_Classroom.CreateIncident"/>
</testsuite> <!-- QualityArc_Classroom.CreateIncident -->
