<?xml version="1.0" encoding="UTF-8"?>
<!-- Generated by org.testng.reporters.JUnitReportReporter -->
<testsuite hostname="DESKTOP-HF6IO01" name="Selenium.Assignment2_2" tests="2" failures="0" timestamp="29 Nov 2019 14:28:35 GMT" time="175.741" errors="0">
  <testcase name="createIncident" time="95.780" classname="Selenium.Assignment2_2"/>
  <testcase name="resolveIncident" time="79.961" classname="Selenium.Assignment2_2"/>
</testsuite> <!-- Selenium.Assignment2_2 -->
