<?xml version="1.0" encoding="UTF-8"?>
<!-- Generated by org.testng.reporters.JUnitReportReporter -->
<testsuite hostname="DESKTOP-HF6IO01" name="Selenium.Base" tests="1" failures="0" timestamp="23 Nov 2019 11:27:19 GMT" time="53.812" errors="0">
  <testcase name="firstTest" time="53.812" classname="Selenium.Base"/>
</testsuite> <!-- Selenium.Base -->
