<?xml version="1.0" encoding="UTF-8"?>
<!-- Generated by org.testng.reporters.JUnitReportReporter -->
<testsuite hostname="DESKTOP-HF6IO01" name="Selenium.UIPath" tests="1" failures="0" timestamp="24 Nov 2019 01:32:09 GMT" time="44.109" errors="0">
  <testcase name="UIpath" time="44.109" classname="Selenium.UIPath"/>
</testsuite> <!-- Selenium.UIPath -->
