<?xml version="1.0" encoding="UTF-8"?>
<!-- Generated by org.testng.reporters.JUnitReportReporter -->
<testsuite hostname="DESKTOP-HF6IO01" name="QualityArc_Classroom.ResolveIncident" tests="1" failures="0" timestamp="30 Nov 2019 01:39:21 GMT" time="89.497" errors="0">
  <testcase name="resolveIncident" time="89.497" classname="QualityArc_Classroom.ResolveIncident"/>
</testsuite> <!-- QualityArc_Classroom.ResolveIncident -->
