<?xml version="1.0" encoding="UTF-8"?>
<!-- Generated by org.testng.reporters.JUnitReportReporter -->
<testsuite hostname="DESKTOP-HF6IO01" name="Selenium.TRy2" tests="1" failures="0" timestamp="23 Nov 2019 00:37:47 GMT" time="39.098" errors="0">
  <testcase name="firstTest" time="39.098" classname="Selenium.TRy2"/>
</testsuite> <!-- Selenium.TRy2 -->
